CS240: lab6. cs240 Tue Mar 31 00:09:52 EDT 2015  Total:  0 of 12

CS240: lab6. cs240 Tue Mar 31 00:10:08 EDT 2015  Total:  12 of 12

CS240: lab6. cs240 Tue Mar 31 00:11:07 EDT 2015  Total:  0 of 12

CS240: lab6. cs240 Tue Mar 31 00:11:39 EDT 2015  Total:  0 of 12

CS240: lab6. cs240 Tue Mar 31 00:13:58 EDT 2015  Total:  0 of 12

CS240: lab6. agaurav Tue Mar 31 15:36:37 EDT 2015  Total:  0 of 12

CS240: lab6. agaurav Tue Mar 31 16:19:04 EDT 2015  Total:  0 of 12

CS240: lab6. agaurav Tue Mar 31 16:23:32 EDT 2015  Total:  0 of 12

CS240: lab6. agaurav Tue Mar 31 16:36:25 EDT 2015  Total:  2 of 12

CS240: lab6. agaurav Tue Mar 31 16:45:23 EDT 2015  Total:  4 of 12

CS240: lab6. agaurav Tue Mar 31 16:53:40 EDT 2015  Total:  8 of 12

CS240: lab6. agaurav Tue Mar 31 16:54:15 EDT 2015  Total:  8 of 12

CS240: lab6. agaurav Tue Mar 31 16:55:50 EDT 2015  Total:  8 of 12

CS240: lab6. agaurav Tue Mar 31 17:06:41 EDT 2015  Total:  8 of 12

CS240: lab6. agaurav Tue Apr 7 13:08:11 EDT 2015  Total:  8 of 12

CS240: lab6. agaurav Tue Apr 7 14:54:03 EDT 2015  Total:  8 of 12

CS240: lab6. agaurav Tue Apr 7 15:07:38 EDT 2015  Total:  8 of 12

CS240: lab6. agaurav Tue Apr 7 15:47:32 EDT 2015  Total:  8 of 12

CS240: lab6. agaurav Tue Apr 7 16:13:48 EDT 2015  Total:  8 of 12

CS240: lab6. agaurav Tue Apr 7 16:59:38 EDT 2015  Total:  8 of 12

CS240: lab6. agaurav Tue Apr 7 17:08:46 EDT 2015  Total:  8 of 12

CS240: lab6. agaurav Tue Apr 7 17:16:01 EDT 2015  Total:  8 of 12

CS240: lab6. agaurav Wed Apr 8 23:32:02 EDT 2015  Total:  8 of 12

CS240: lab6. agaurav Thu Apr 9 00:07:43 EDT 2015  Total:  8 of 12

CS240: lab6. agaurav Thu Apr 9 00:16:47 EDT 2015  Total:  8 of 12

CS240: lab6. agaurav Thu Apr 9 00:18:46 EDT 2015  Total:  8 of 12

CS240: lab6. agaurav Thu Apr 9 00:24:25 EDT 2015  Total:  8 of 12

CS240: lab6. agaurav Thu Apr 9 00:25:23 EDT 2015  Total:  8 of 12

CS240: lab6. agaurav Thu Apr 9 01:02:06 EDT 2015  Total:  8 of 12

CS240: lab6. agaurav Thu Apr 9 01:05:24 EDT 2015  Total:  8 of 12

CS240: lab6. agaurav Thu Apr 9 01:14:54 EDT 2015  Total:  12 of 12

CS240: lab6. agaurav Thu Apr 9 01:18:08 EDT 2015  Total:  12 of 12

CS240: lab6. agaurav Thu Apr 9 01:21:21 EDT 2015  Total:  12 of 12

CS240: lab6. agaurav Thu Apr 9 13:26:57 EDT 2015  Total:  12 of 12

CS240: lab6. agaurav Thu Apr 9 18:17:02 EDT 2015  Total:  10 of 12

CS240: lab6. agaurav Thu Apr 9 18:19:04 EDT 2015  Total:  12 of 12

CS240: lab6. agaurav Thu Apr 9 19:20:10 EDT 2015  Total:  12 of 12

CS240: lab6. agaurav Sat Apr 11 00:50:56 EDT 2015  Total:  12 of 12

CS240: lab6. agaurav Sat Apr 11 18:21:20 EDT 2015  Total:  12 of 12

CS240: lab6. agaurav Mon Apr 13 14:57:29 EDT 2015  Total:  12 of 62

CS240: lab6. agaurav Mon Apr 13 15:03:03 EDT 2015  Total:  12 of 17

CS240: lab6. agaurav Mon Apr 13 15:06:32 EDT 2015  Total:  12 of 17

CS240: lab6. agaurav Mon Apr 13 15:09:54 EDT 2015  Total:  12 of 17

CS240: lab6. agaurav Mon Apr 13 15:11:02 EDT 2015  Total:  12 of 17

CS240: lab6. agaurav Mon Apr 13 15:13:53 EDT 2015  Total:  12 of 17

CS240: lab6. agaurav Mon Apr 13 15:17:00 EDT 2015  Total:  12 of 17

CS240: lab6. agaurav Tue Apr 14 11:52:11 EDT 2015  Total:  12 of 17

CS240: lab6. agaurav Tue Apr 14 15:24:21 EDT 2015  Total:  12 of 17

CS240: lab6. agaurav Tue Apr 14 15:26:52 EDT 2015  Total:  12 of 17

CS240: lab6. agaurav Tue Apr 14 15:31:13 EDT 2015  Total:  12 of 17

CS240: lab6. agaurav Tue Apr 14 15:40:19 EDT 2015  Total:  12 of 17

CS240: lab6. agaurav Tue Apr 14 15:40:57 EDT 2015  Total:  17 of 17

CS240: lab6. agaurav Tue Apr 14 15:44:55 EDT 2015  Total:  17 of 62

CS240: lab6. agaurav Tue Apr 14 15:49:34 EDT 2015  Total:  12 of 17

CS240: lab6. agaurav Tue Apr 14 16:06:29 EDT 2015  Total:  12 of 17

CS240: lab6. agaurav Tue Apr 14 16:09:10 EDT 2015  Total:  12 of 17

CS240: lab6. agaurav Tue Apr 14 16:10:08 EDT 2015  Total:  17 of 17

CS240: lab6. agaurav Tue Apr 14 16:10:51 EDT 2015  Total:  17 of 17

CS240: lab6. agaurav Tue Apr 14 16:11:22 EDT 2015  Total:  12 of 17

CS240: lab6. agaurav Tue Apr 14 16:12:55 EDT 2015  Total:  12 of 17

