[master (root-commit) 195006e] otal of otalmax
 Committer: CS24000 Account <cs240@data.cs.purdue.edu>
Your name and email address were configured automatically based
on your username and hostname. Please check that they are accurate.
You can suppress this message by setting them explicitly:

    git config --global user.name "Your Name"
    git config --global user.email you@example.com

After doing this, you may fix the identity used for this commit with:

    git commit --amend --reset-author

 11 files changed, 811 insertions(+)
 create mode 100644 .local.git.out
 create mode 100644 HashTableVoid.cc
 create mode 100644 HashTableVoid.h
 create mode 100755 HashTableVoidTest
 create mode 100644 HashTableVoidTest.cc
 create mode 100755 IRCServer
 create mode 100644 IRCServer.cc
 create mode 100644 IRCServer.h
 create mode 100755 Makefile
 create mode 100755 talk-server
 create mode 100755 testall
[master 31a87fe] 0 of 12
 Committer: CS24000 Account <cs240@data.cs.purdue.edu>
Your name and email address were configured automatically based
on your username and hostname. Please check that they are accurate.
You can suppress this message by setting them explicitly:

    git config --global user.name "Your Name"
    git config --global user.email you@example.com

After doing this, you may fix the identity used for this commit with:

    git commit --amend --reset-author

 5 files changed, 35 insertions(+)
 create mode 100644 .local.total.out
 create mode 100644 diff.out
 create mode 100644 total.out
 create mode 100644 total.txt
[master 3f7cda3] otal of otalmax
 Committer: CS24000 Account <cs240@data.cs.purdue.edu>
Your name and email address were configured automatically based
on your username and hostname. Please check that they are accurate.
You can suppress this message by setting them explicitly:

    git config --global user.name "Your Name"
    git config --global user.email you@example.com

After doing this, you may fix the identity used for this commit with:

    git commit --amend --reset-author

 3 files changed, 18 insertions(+), 2 deletions(-)
 rename diff.out => none (100%)
 delete mode 100644 total.out
[master d546088] 12 of 12
 Committer: CS24000 Account <cs240@data.cs.purdue.edu>
Your name and email address were configured automatically based
on your username and hostname. Please check that they are accurate.
You can suppress this message by setting them explicitly:

    git config --global user.name "Your Name"
    git config --global user.email you@example.com

After doing this, you may fix the identity used for this commit with:

    git commit --amend --reset-author

 7 files changed, 26 insertions(+), 6 deletions(-)
 create mode 100644 diff.out
 create mode 100644 prog.org.out
 create mode 100644 prog.out
 create mode 100644 total.out
[master 0c99a0a] otal of otalmax
 Committer: CS24000 Account <cs240@data.cs.purdue.edu>
Your name and email address were configured automatically based
on your username and hostname. Please check that they are accurate.
You can suppress this message by setting them explicitly:

    git config --global user.name "Your Name"
    git config --global user.email you@example.com

After doing this, you may fix the identity used for this commit with:

    git commit --amend --reset-author

 6 files changed, 18 insertions(+), 2 deletions(-)
 create mode 100755 HashTableVoidTest.org
 delete mode 100644 diff.out
 delete mode 100644 prog.org.out
 delete mode 100644 prog.out
 delete mode 100644 total.out
[master e4c08cd] 0 of 12
 Committer: CS24000 Account <cs240@data.cs.purdue.edu>
Your name and email address were configured automatically based
on your username and hostname. Please check that they are accurate.
You can suppress this message by setting them explicitly:

    git config --global user.name "Your Name"
    git config --global user.email you@example.com

After doing this, you may fix the identity used for this commit with:

    git commit --amend --reset-author

 7 files changed, 32 insertions(+), 6 deletions(-)
 create mode 100644 diff.out
 create mode 100644 prog.org.out
 create mode 100644 prog.out
 create mode 100644 total.out
[master e7d364c] otal of otalmax
 Committer: CS24000 Account <cs240@data.cs.purdue.edu>
Your name and email address were configured automatically based
on your username and hostname. Please check that they are accurate.
You can suppress this message by setting them explicitly:

    git config --global user.name "Your Name"
    git config --global user.email you@example.com

After doing this, you may fix the identity used for this commit with:

    git commit --amend --reset-author

 5 files changed, 18 insertions(+), 5 deletions(-)
 delete mode 100644 diff.out
 delete mode 100644 prog.org.out
 delete mode 100644 prog.out
 delete mode 100644 total.out
[master a203c20] 0 of 12
 Committer: CS24000 Account <cs240@data.cs.purdue.edu>
Your name and email address were configured automatically based
on your username and hostname. Please check that they are accurate.
You can suppress this message by setting them explicitly:

    git config --global user.name "Your Name"
    git config --global user.email you@example.com

After doing this, you may fix the identity used for this commit with:

    git commit --amend --reset-author

 6 files changed, 25 insertions(+)
 create mode 100644 diff.out
 create mode 100644 prog.org.out
 create mode 100644 prog.out
 create mode 100644 total.out
[master ce9b998] otal of otalmax
 Committer: CS24000 Account <cs240@data.cs.purdue.edu>
Your name and email address were configured automatically based
on your username and hostname. Please check that they are accurate.
You can suppress this message by setting them explicitly:

    git config --global user.name "Your Name"
    git config --global user.email you@example.com

After doing this, you may fix the identity used for this commit with:

    git commit --amend --reset-author

 5 files changed, 18 insertions(+), 5 deletions(-)
 delete mode 100644 diff.out
 delete mode 100644 prog.org.out
 delete mode 100644 prog.out
 delete mode 100644 total.out
[master 504054b] 0 of 12
 Committer: CS24000 Account <cs240@data.cs.purdue.edu>
Your name and email address were configured automatically based
on your username and hostname. Please check that they are accurate.
You can suppress this message by setting them explicitly:

    git config --global user.name "Your Name"
    git config --global user.email you@example.com

After doing this, you may fix the identity used for this commit with:

    git commit --amend --reset-author

 6 files changed, 25 insertions(+)
 create mode 100644 diff.out
 create mode 100644 prog.org.out
 create mode 100644 prog.out
 create mode 100644 total.out
[master 31d5ee0] Make IRCServer
 8 files changed, 19 insertions(+), 6 deletions(-)
 delete mode 100644 diff.out
 delete mode 100644 prog.org.out
 delete mode 100644 prog.out
 delete mode 100644 total.out
[master 559f107] 0 of 12
 6 files changed, 13 insertions(+)
 create mode 100644 diff.out
 create mode 100644 prog.org.out
 create mode 100644 prog.out
 create mode 100644 total.out
[master c60db3a] Make IRCServer
 9 files changed, 13 insertions(+), 6 deletions(-)
 create mode 100644 .HashTableVoid.h.swp
 rewrite HashTableVoidTest (67%)
 delete mode 100644 diff.out
 delete mode 100644 prog.org.out
 delete mode 100644 prog.out
 delete mode 100644 total.out
[master 365a6cf] 0 of 12
 6 files changed, 15 insertions(+)
 create mode 100644 diff.out
 create mode 100644 prog.org.out
 create mode 100644 prog.out
 create mode 100644 total.out
[master b3b4eb9] Make IRCServer
 7 files changed, 10 insertions(+), 6 deletions(-)
 rewrite HashTableVoidTest (73%)
 delete mode 100644 diff.out
 delete mode 100644 prog.org.out
 delete mode 100644 prog.out
 delete mode 100644 total.out
[master 25231fa] 0 of 12
 6 files changed, 14 insertions(+)
 create mode 100644 diff.out
 create mode 100644 prog.org.out
 create mode 100644 prog.out
 create mode 100644 total.out
[master 3284e20] Make IRCServer
 7 files changed, 21 insertions(+), 6 deletions(-)
 rewrite HashTableVoidTest (75%)
 delete mode 100644 diff.out
 delete mode 100644 prog.org.out
 delete mode 100644 prog.out
 delete mode 100644 total.out
[master 813afb0] 2 of 12
 7 files changed, 15 insertions(+), 1 deletion(-)
 create mode 100644 diff.out
 create mode 100644 prog.org.out
 create mode 100644 prog.out
 create mode 100644 total.out
[master e7f7ed4] Make IRCServer
 7 files changed, 15 insertions(+), 5 deletions(-)
 delete mode 100644 diff.out
 delete mode 100644 prog.org.out
 delete mode 100644 prog.out
 delete mode 100644 total.out
[master e260fcf] 4 of 12
 7 files changed, 14 insertions(+), 1 deletion(-)
 create mode 100644 diff.out
 create mode 100644 prog.org.out
 create mode 100644 prog.out
 create mode 100644 total.out
[master 11193a3] Make IRCServer
 7 files changed, 24 insertions(+), 5 deletions(-)
 rewrite HashTableVoidTest (73%)
 delete mode 100644 diff.out
 delete mode 100644 prog.org.out
 delete mode 100644 prog.out
 delete mode 100644 total.out
[master 7072041] 8 of 12
 7 files changed, 15 insertions(+), 2 deletions(-)
 create mode 100644 diff.out
 create mode 100644 prog.org.out
 create mode 100644 prog.out
 create mode 100644 total.out
[master c3cf247] Make IRCServer
 5 files changed, 6 insertions(+), 4 deletions(-)
 delete mode 100644 diff.out
 delete mode 100644 prog.org.out
 delete mode 100644 prog.out
 delete mode 100644 total.out
[master 58af058] 8 of 12
 6 files changed, 12 insertions(+)
 create mode 100644 diff.out
 create mode 100644 prog.org.out
 create mode 100644 prog.out
 create mode 100644 total.out
[master e4e8031] Make IRCServer
 5 files changed, 6 insertions(+), 4 deletions(-)
 delete mode 100644 diff.out
 delete mode 100644 prog.org.out
 delete mode 100644 prog.out
 delete mode 100644 total.out
[master 4f9ad59] 8 of 12
 6 files changed, 12 insertions(+)
 create mode 100644 diff.out
 create mode 100644 prog.org.out
 create mode 100644 prog.out
 create mode 100644 total.out
[master c8a4154] Make IRCServer
 7 files changed, 8 insertions(+), 5 deletions(-)
 delete mode 100644 diff.out
 delete mode 100644 prog.org.out
 delete mode 100644 prog.out
 delete mode 100644 total.out
[master d517b75] 8 of 12
 6 files changed, 12 insertions(+)
 create mode 100644 diff.out
 create mode 100644 prog.org.out
 create mode 100644 prog.out
 create mode 100644 total.out
[master 5681430] Make IRCServer
 8 files changed, 6 insertions(+), 4 deletions(-)
 delete mode 100644 .HashTableVoid.h.swp
 delete mode 100644 diff.out
 delete mode 100644 prog.org.out
 delete mode 100644 prog.out
 delete mode 100644 total.out
[master ceec78b] 8 of 12
 6 files changed, 13 insertions(+)
 create mode 100644 diff.out
 create mode 100644 prog.org.out
 create mode 100644 prog.out
 create mode 100644 total.out
[master bb83fd2] Make IRCServer
 7 files changed, 9 insertions(+), 5 deletions(-)
 delete mode 100644 diff.out
 delete mode 100644 prog.org.out
 delete mode 100644 prog.out
 delete mode 100644 total.out
[master 2357b19] 8 of 12
 6 files changed, 12 insertions(+)
 create mode 100644 diff.out
 create mode 100644 prog.org.out
 create mode 100644 prog.out
 create mode 100644 total.out
[master cf23d4a] Make IRCServer
 5 files changed, 6 insertions(+), 4 deletions(-)
 delete mode 100644 diff.out
 delete mode 100644 prog.org.out
 delete mode 100644 prog.out
 delete mode 100644 total.out
[master 64c6891] 8 of 12
 6 files changed, 12 insertions(+)
 create mode 100644 diff.out
 create mode 100644 prog.org.out
 create mode 100644 prog.out
 create mode 100644 total.out
[master 361a000] Make IRCServer
 5 files changed, 6 insertions(+), 4 deletions(-)
 delete mode 100644 diff.out
 delete mode 100644 prog.org.out
 delete mode 100644 prog.out
 delete mode 100644 total.out
[master a8f163d] 8 of 12
 6 files changed, 12 insertions(+)
 create mode 100644 diff.out
 create mode 100644 prog.org.out
 create mode 100644 prog.out
 create mode 100644 total.out
[master 8aa689d] Make IRCServer
 9 files changed, 6 insertions(+), 4 deletions(-)
 create mode 100644 .HashTableVoid.cc.swp
 create mode 100644 .HashTableVoidTest.cc.swp
 delete mode 100644 diff.out
 delete mode 100644 prog.org.out
 delete mode 100644 prog.out
 delete mode 100644 total.out
[master 69415e4] 8 of 12
 6 files changed, 14 insertions(+)
 create mode 100644 diff.out
 create mode 100644 prog.org.out
 create mode 100644 prog.out
 create mode 100644 total.out
[master dbc7d57] Make IRCServer
 8 files changed, 18 insertions(+), 9 deletions(-)
 rename .HashTableVoid.cc.swp => .HashTableVoid.h.swp (74%)
 delete mode 100644 diff.out
 delete mode 100644 prog.org.out
 delete mode 100644 prog.out
 delete mode 100644 total.out
[master a2f87fe] 8 of 12
 6 files changed, 13 insertions(+)
 create mode 100644 diff.out
 create mode 100644 prog.org.out
 create mode 100644 prog.out
 create mode 100644 total.out
[master b9ce79f] Make IRCServer
 9 files changed, 9 insertions(+), 7 deletions(-)
 create mode 100644 .IRCServer.cc.swp
 delete mode 100644 diff.out
 delete mode 100644 prog.org.out
 delete mode 100644 prog.out
 delete mode 100644 total.out
[master 621f955] 8 of 12
 6 files changed, 13 insertions(+)
 create mode 100644 diff.out
 create mode 100644 prog.org.out
 create mode 100644 prog.out
 create mode 100644 total.out
[master e453ec1] Make IRCServer
 7 files changed, 12 insertions(+), 6 deletions(-)
 delete mode 100644 diff.out
 delete mode 100644 prog.org.out
 delete mode 100644 prog.out
 delete mode 100644 total.out
[master 8e1c281] 8 of 12
 6 files changed, 12 insertions(+)
 create mode 100644 diff.out
 create mode 100644 prog.org.out
 create mode 100644 prog.out
 create mode 100644 total.out
[master be78d1d] Make IRCServer
 11 files changed, 61 insertions(+), 59 deletions(-)
 delete mode 100644 .HashTableVoid.h.swp
 delete mode 100644 .HashTableVoidTest.cc.swp
 delete mode 100644 .IRCServer.cc.swp
 delete mode 100644 diff.out
 delete mode 100644 prog.org.out
 delete mode 100644 prog.out
 delete mode 100644 total.out
[master 89180fa] 8 of 12
 6 files changed, 15 insertions(+)
 create mode 100644 diff.out
 create mode 100644 prog.org.out
 create mode 100644 prog.out
 create mode 100644 total.out
[master 263b76f] Make IRCServer
 8 files changed, 26 insertions(+), 18 deletions(-)
 create mode 100644 .HashTableVoid.h.swp
 delete mode 100644 diff.out
 delete mode 100644 prog.org.out
 delete mode 100644 prog.out
 delete mode 100644 total.out
[master 35283d4] 8 of 12
 6 files changed, 13 insertions(+)
 create mode 100644 diff.out
 create mode 100644 prog.org.out
 create mode 100644 prog.out
 create mode 100644 total.out
[master 070d77c] Make IRCServer
 7 files changed, 16 insertions(+), 6 deletions(-)
 delete mode 100644 diff.out
 delete mode 100644 prog.org.out
 delete mode 100644 prog.out
 delete mode 100644 total.out
[master 9d116ce] 8 of 12
 6 files changed, 12 insertions(+)
 create mode 100644 diff.out
 create mode 100644 prog.org.out
 create mode 100644 prog.out
 create mode 100644 total.out
[master b0fbed1] Make IRCServer
 7 files changed, 8 insertions(+), 4 deletions(-)
 delete mode 100644 diff.out
 delete mode 100644 prog.org.out
 delete mode 100644 prog.out
 delete mode 100644 total.out
[master a749301] 8 of 12
 6 files changed, 12 insertions(+)
 create mode 100644 diff.out
 create mode 100644 prog.org.out
 create mode 100644 prog.out
 create mode 100644 total.out
[master f06df92] Make IRCServer
 7 files changed, 8 insertions(+), 4 deletions(-)
 delete mode 100644 diff.out
 delete mode 100644 prog.org.out
 delete mode 100644 prog.out
 delete mode 100644 total.out
[master 319a8b7] 8 of 12
 6 files changed, 12 insertions(+)
 create mode 100644 diff.out
 create mode 100644 prog.org.out
 create mode 100644 prog.out
 create mode 100644 total.out
[master eff4306] Make IRCServer
 7 files changed, 10 insertions(+), 8 deletions(-)
 delete mode 100644 diff.out
 delete mode 100644 prog.org.out
 delete mode 100644 prog.out
 delete mode 100644 total.out
[master a833df0] 8 of 12
 6 files changed, 12 insertions(+)
 create mode 100644 diff.out
 create mode 100644 prog.org.out
 create mode 100644 prog.out
 create mode 100644 total.out
[master a9fb435] Make IRCServer
 8 files changed, 33 insertions(+), 16 deletions(-)
 delete mode 100644 diff.out
 delete mode 100644 prog.org.out
 delete mode 100644 prog.out
 delete mode 100644 total.out
[master 13bac5f] 8 of 12
 6 files changed, 12 insertions(+)
 create mode 100644 diff.out
 create mode 100644 prog.org.out
 create mode 100644 prog.out
 create mode 100644 total.out
[master 2277d2a] Make IRCServer
 7 files changed, 9 insertions(+), 6 deletions(-)
 delete mode 100644 diff.out
 delete mode 100644 prog.org.out
 delete mode 100644 prog.out
 delete mode 100644 total.out
[master c8f1cb1] 8 of 12
 6 files changed, 12 insertions(+)
 create mode 100644 diff.out
 create mode 100644 prog.org.out
 create mode 100644 prog.out
 create mode 100644 total.out
[master 2725952] Make IRCServer
 7 files changed, 10 insertions(+), 7 deletions(-)
 delete mode 100644 diff.out
 delete mode 100644 prog.org.out
 delete mode 100644 prog.out
 delete mode 100644 total.out
[master 2bb11b2] 12 of 12
 7 files changed, 14 insertions(+), 2 deletions(-)
 create mode 100644 diff.out
 create mode 100644 prog.org.out
 create mode 100644 prog.out
 create mode 100644 total.out
[master d5638ab] Make IRCServer
 5 files changed, 6 insertions(+), 4 deletions(-)
 delete mode 100644 diff.out
 delete mode 100644 prog.org.out
 delete mode 100644 prog.out
 delete mode 100644 total.out
[master 703b6a8] 12 of 12
 6 files changed, 12 insertions(+)
 create mode 100644 diff.out
 create mode 100644 prog.org.out
 create mode 100644 prog.out
 create mode 100644 total.out
[master b6a1bf5] Make IRCServer
 6 files changed, 7 insertions(+), 5 deletions(-)
 delete mode 100644 diff.out
 delete mode 100644 prog.org.out
 delete mode 100644 prog.out
 delete mode 100644 total.out
[master f96a88f] 12 of 12
 6 files changed, 12 insertions(+)
 create mode 100644 diff.out
 create mode 100644 prog.org.out
 create mode 100644 prog.out
 create mode 100644 total.out
[master e7e5793] Make IRCServer
 6 files changed, 6 insertions(+), 4 deletions(-)
 delete mode 100644 .HashTableVoid.h.swp
 delete mode 100644 diff.out
 delete mode 100644 prog.org.out
 delete mode 100644 prog.out
 delete mode 100644 total.out
[master 7a063bf] 12 of 12
 6 files changed, 13 insertions(+)
 create mode 100644 diff.out
 create mode 100644 prog.org.out
 create mode 100644 prog.out
 create mode 100644 total.out
[master 29cea04] Make IRCServer
 7 files changed, 7 insertions(+), 5 deletions(-)
 rewrite HashTableVoidTest (73%)
 delete mode 100644 diff.out
 delete mode 100644 prog.org.out
 delete mode 100644 prog.out
 delete mode 100644 total.out
[master c36c48a] 10 of 12
 7 files changed, 14 insertions(+), 1 deletion(-)
 create mode 100644 diff.out
 create mode 100644 prog.org.out
 create mode 100644 prog.out
 create mode 100644 total.out
[master 68b72eb] Make IRCServer
 7 files changed, 7 insertions(+), 5 deletions(-)
 rewrite HashTableVoidTest (77%)
 delete mode 100644 diff.out
 delete mode 100644 prog.org.out
 delete mode 100644 prog.out
 delete mode 100644 total.out
[master 219ec1e] 12 of 12
 7 files changed, 14 insertions(+), 1 deletion(-)
 create mode 100644 diff.out
 create mode 100644 prog.org.out
 create mode 100644 prog.out
 create mode 100644 total.out
[master 3a1cfa3] Make IRCServer
 6 files changed, 6 insertions(+), 4 deletions(-)
 create mode 100644 .HashTableVoidTest.cc.swp
 delete mode 100644 diff.out
 delete mode 100644 prog.org.out
 delete mode 100644 prog.out
 delete mode 100644 total.out
[master 64b8fff] 12 of 12
 6 files changed, 13 insertions(+)
 create mode 100644 diff.out
 create mode 100644 prog.org.out
 create mode 100644 prog.out
 create mode 100644 total.out
[master 17f7c09] Make IRCServer
 6 files changed, 6 insertions(+), 4 deletions(-)
 delete mode 100644 .HashTableVoidTest.cc.swp
 delete mode 100644 diff.out
 delete mode 100644 prog.org.out
 delete mode 100644 prog.out
 delete mode 100644 total.out
[master c01f172] 12 of 12
 6 files changed, 13 insertions(+)
 create mode 100644 diff.out
 create mode 100644 prog.org.out
 create mode 100644 prog.out
 create mode 100644 total.out
[master 6f0fd7a] Make IRCServer
 4 files changed, 18 insertions(+), 1 deletion(-)
 create mode 100644 .IRCServer.h.swp
[master db42e89] Make IRCServer
 4 files changed, 4 insertions(+), 1 deletion(-)
 delete mode 100644 .IRCServer.h.swp
[master 8156089] Make IRCServer
 3 files changed, 5 insertions(+)
[master b21df5e] Make IRCServer
 3 files changed, 4 insertions(+), 2 deletions(-)
[master 144ba26] Make IRCServer
 3 files changed, 7 insertions(+), 5 deletions(-)
[master 2852328] Make IRCServer
 3 files changed, 3 insertions(+), 1 deletion(-)
[master 2129f6c] Make IRCServer
 3 files changed, 3 insertions(+), 1 deletion(-)
 rewrite IRCServer (71%)
[master 631074f] Make IRCServer
 3 files changed, 6 insertions(+), 2 deletions(-)
 rewrite IRCServer (71%)
[master 6fc1a15] Make IRCServer
 3 files changed, 5 insertions(+), 1 deletion(-)
[master 04e9204] Make IRCServer
 3 files changed, 3 insertions(+), 3 deletions(-)
[master 968d749] Make IRCServer
 3 files changed, 3 insertions(+), 1 deletion(-)
[master 25c4204] Make IRCServer
 1 file changed, 2 insertions(+)
[master 1256ad6] Make IRCServer
 3 files changed, 8 insertions(+), 6 deletions(-)
[master 92c5821] Make IRCServer
 4 files changed, 8 insertions(+), 4 deletions(-)
 create mode 100644 .HashTableVoidTest.cc.swp
[master b012664] Make IRCServer
 3 files changed, 5 insertions(+), 3 deletions(-)
[master 1e072ba] Make IRCServer
 4 files changed, 5 insertions(+), 3 deletions(-)
 rewrite IRCServer (86%)
[master 5f640c9] Make IRCServer
 3 files changed, 5 insertions(+), 3 deletions(-)
 rewrite IRCServer (60%)
[master 301d626] Make IRCServer
 5 files changed, 20 insertions(+), 2 deletions(-)
 rename .HashTableVoidTest.cc.swp => .IRCServer.cc.swp (92%)
[master 330ba7f] Make IRCServer
 5 files changed, 16 insertions(+), 3 deletions(-)
 rename .IRCServer.cc.swp => .HashTableVoid.cc.swp (92%)
 rewrite IRCServer (65%)
[master c18a05a] Make IRCServer
 3 files changed, 14 insertions(+), 3 deletions(-)
[master 9dd0aa9] Make IRCServer
 4 files changed, 3 insertions(+), 1 deletion(-)
 delete mode 100644 .HashTableVoid.cc.swp
[master 3135968] Make IRCServer
 2 files changed, 4 insertions(+), 1 deletion(-)
[master 3b6c6ab] Make IRCServer
 3 files changed, 3 insertions(+), 1 deletion(-)
[master fb8b9ca] Make IRCServer
 4 files changed, 21 insertions(+), 4 deletions(-)
 create mode 100644 .HashTableVoidTest.cc.swp
 rewrite IRCServer (79%)
[master 820e38a] Make IRCServer
 1 file changed, 4 insertions(+)
[master e25c747] Make IRCServer
 4 files changed, 3 insertions(+)
 delete mode 100644 .HashTableVoidTest.cc.swp
[master 038e117] Make IRCServer
 3 files changed, 4 insertions(+), 1 deletion(-)
[master 8219e50] Make IRCServer
 3 files changed, 4 insertions(+), 2 deletions(-)
[master d1e4fda] Make IRCServer
 3 files changed, 10 insertions(+), 6 deletions(-)
[master 0b2a7a6] Make IRCServer
 3 files changed, 57 insertions(+), 49 deletions(-)
 rewrite IRCServer (75%)
[master 1e821e1] Make IRCServer
 4 files changed, 4 insertions(+), 1 deletion(-)
 create mode 100644 password.txt
[master eccc2ad] Make IRCServer
 1 file changed, 3 insertions(+)
[master 34a84fa] Make IRCServer
 3 files changed, 3 insertions(+), 1 deletion(-)
[master 4285fb1] Make IRCServer
 4 files changed, 12 insertions(+), 1 deletion(-)
[master c21e4bf] Make IRCServer
 1 file changed, 2 insertions(+)
[master 9af183e] Make IRCServer
 4 files changed, 7 insertions(+), 1 deletion(-)
[master e487019] Make IRCServer
 4 files changed, 5 insertions(+), 3 deletions(-)
[master 93e7a96] Make IRCServer
 3 files changed, 4 insertions(+), 1 deletion(-)
[master 1297f13] Make IRCServer
 3 files changed, 3 insertions(+), 1 deletion(-)
[master 0545a95] Make IRCServer
 3 files changed, 7 insertions(+), 4 deletions(-)
[master efd83b7] Make IRCServer
 1 file changed, 2 insertions(+)
[master 31c4546] Make IRCServer
 3 files changed, 3 insertions(+)
[master e8c62c4] Make IRCServer
 1 file changed, 2 insertions(+)
[master 04e4661] Make IRCServer
 2 files changed, 3 insertions(+), 1 deletion(-)
[master 00851fe] Make IRCServer
 3 files changed, 4 insertions(+), 1 deletion(-)
 rewrite IRCServer (69%)
[master fb4c83f] Make IRCServer
 3 files changed, 4 insertions(+), 1 deletion(-)
[master 9a0d3a8] Make IRCServer
 4 files changed, 7 insertions(+), 2 deletions(-)
[master 07fb4e9] Make IRCServer
 3 files changed, 7 insertions(+), 1 deletion(-)
[master e44958b] Make IRCServer
 3 files changed, 5 insertions(+), 2 deletions(-)
 rewrite IRCServer (86%)
[master 14ad63c] Make IRCServer
 3 files changed, 6 insertions(+), 3 deletions(-)
 rewrite IRCServer (90%)
[master 7263ec3] Make IRCServer
 3 files changed, 4 insertions(+)
 rewrite IRCServer (63%)
[master 7b781b9] Make IRCServer
 2 files changed, 4 insertions(+), 1 deletion(-)
[master a083da0] Make IRCServer
 3 files changed, 4 insertions(+), 2 deletions(-)
[master 50b32c0] Make IRCServer
 7 files changed, 2 insertions(+), 9 deletions(-)
 create mode 100644 .password.txt.swp
 delete mode 100644 diff.out
 delete mode 100644 password.txt
 delete mode 100644 prog.org.out
 delete mode 100644 prog.out
 delete mode 100644 total.out
[master 20db940] 12 of 12
 6 files changed, 14 insertions(+)
 create mode 100644 diff.out
 create mode 100644 prog.org.out
 create mode 100644 prog.out
 create mode 100644 total.out
[master ab29b65] Make IRCServer
 1 file changed, 6 insertions(+)
[master bb4fb1c] Make IRCServer
 2 files changed, 2 insertions(+)
 delete mode 100644 .password.txt.swp
[master d89ed91] Make IRCServer
 5 files changed, 5 insertions(+)
 create mode 100644 .password.txt.swp
 create mode 100644 password.txt
[master d6bd90a] Make IRCServer
 4 files changed, 27 insertions(+), 2 deletions(-)
 delete mode 100644 .password.txt.swp
 rewrite IRCServer (95%)
[master babce1f] Make IRCServer
 3 files changed, 9 insertions(+), 5 deletions(-)
 rewrite IRCServer (89%)
[master c4f1bfb] Make IRCServer
 4 files changed, 31 insertions(+), 3 deletions(-)
 create mode 100644 .IRCServer.cc.swo
 rewrite IRCServer (90%)
[master 4798357] Make IRCServer
 3 files changed, 5 insertions(+), 1 deletion(-)
 rewrite IRCServer (94%)
[master 78a50d7] Make IRCServer
 3 files changed, 14 insertions(+)
[master 374930b] Make IRCServer
 5 files changed, 4 insertions(+)
 delete mode 100644 .IRCServer.cc.swo
 create mode 100644 .IRCServer.cc.swp
[master b92ee68] Make IRCServer
 1 file changed, 4 insertions(+)
[master aa0c74c] Make IRCServer
 3 files changed, 31 insertions(+), 6 deletions(-)
 rewrite IRCServer (87%)
[master 848201a] Make IRCServer
 5 files changed, 5 insertions(+), 1 deletion(-)
 delete mode 100644 .IRCServer.cc.swp
[master e9dd099] Make IRCServer
 4 files changed, 38 insertions(+), 33 deletions(-)
 delete mode 100644 password.txt
